{
  "RSpec": {
    "coverage": {
      "/Users/moritzhaarmann/Documents/Coding/bookie_all/MultiOCR/lib/multiocr.rb": [
        1,
        1,
        1,
        null,
        1,
        1,
        1,
        1,
        1,
        1,
        4,
        null,
        4,
        null,
        4,
        3,
        3,
        null,
        1,
        null,
        null,
        null,
        null,
        1,
        null,
        null,
        null,
        null,
        null,
        null,
        1
      ],
      "/Users/moritzhaarmann/Documents/Coding/bookie_all/MultiOCR/lib/multiocr/recognizer.rb": [
        1,
        null,
        1,
        1,
        1,
        1,
        4,
        4,
        4,
        4,
        4,
        null,
        null,
        null,
        1,
        4,
        null,
        4,
        4,
        4,
        null,
        4,
        4,
        4,
        null,
        4,
        null,
        4,
        null,
        4,
        null,
        4,
        4,
        null,
        4,
        null,
        4,
        4,
        4,
        305,
        222,
        222,
        null,
        222,
        null,
        null,
        null,
        null,
        4,
        null,
        null,
        4,
        4,
        4,
        null,
        null,
        null,
        null,
        null
      ]
    },
    "timestamp": 1414399074
  }
}
